0 info it worked if it ends with ok
1 verbose cli [ 'c:\\Program Files\\nodejs\\node.exe',
1 verbose cli   'c:\\Program Files\\nodejs\\node_modules\\npm\\bin\\npm-cli.js',
1 verbose cli   'install',
1 verbose cli   'express' ]
2 info using npm@1.4.9
3 info using node@v0.10.28
4 verbose cache add [ 'express', null ]
5 verbose cache add name=undefined spec="express" args=["express",null]
6 verbose parsed url { protocol: null,
6 verbose parsed url   slashes: null,
6 verbose parsed url   auth: null,
6 verbose parsed url   host: null,
6 verbose parsed url   port: null,
6 verbose parsed url   hostname: null,
6 verbose parsed url   hash: null,
6 verbose parsed url   search: null,
6 verbose parsed url   query: null,
6 verbose parsed url   pathname: 'express',
6 verbose parsed url   path: 'express',
6 verbose parsed url   href: 'express' }
7 silly lockFile f3c62de4-express express
8 verbose lock express C:\Users\M1036017\AppData\Roaming\npm-cache\f3c62de4-express.lock
9 silly lockFile f3c62de4-express express
10 silly lockFile f3c62de4-express express
11 verbose addNamed [ 'express', '' ]
12 verbose addNamed [ null, '*' ]
13 silly lockFile 64a534c1-express express@
14 verbose lock express@ C:\Users\M1036017\AppData\Roaming\npm-cache\64a534c1-express.lock
15 silly addNameRange { name: 'express', range: '*', hasData: false }
16 verbose url raw express
17 verbose url resolving [ 'https://registry.npmjs.org/', './express' ]
18 verbose url resolved https://registry.npmjs.org/express
19 info trying registry request attempt 1 at 14:35:59
20 http GET https://registry.npmjs.org/express
21 info retry will retry, error on last attempt: Error: connect ECONNREFUSED
22 info trying registry request attempt 2 at 14:36:10
23 http GET https://registry.npmjs.org/express
24 info retry will retry, error on last attempt: Error: connect ECONNREFUSED
25 info trying registry request attempt 3 at 14:37:11
26 http GET https://registry.npmjs.org/express
27 silly lockFile 64a534c1-express express@
28 silly lockFile 64a534c1-express express@
29 error Error: connect ECONNREFUSED
29 error     at errnoException (net.js:904:11)
29 error     at Object.afterConnect [as oncomplete] (net.js:895:19)
29 error  { [Error: connect ECONNREFUSED]
29 error   code: 'ECONNREFUSED',
29 error   errno: 'ECONNREFUSED',
29 error   syscall: 'connect' }
30 error If you are behind a proxy, please make sure that the
30 error 'proxy' config is set properly.  See: 'npm help config'
31 error System Windows_NT 6.2.9200
32 error command "c:\\Program Files\\nodejs\\node.exe" "c:\\Program Files\\nodejs\\node_modules\\npm\\bin\\npm-cli.js" "install" "express"
33 error cwd C:\Soumya_Pratik\Day03_html5fun
34 error node -v v0.10.28
35 error npm -v 1.4.9
36 error syscall connect
37 error code ECONNREFUSED
38 error errno ECONNREFUSED
39 error stack Error: connect ECONNREFUSED
39 error stack     at errnoException (net.js:904:11)
39 error stack     at Object.afterConnect [as oncomplete] (net.js:895:19)
40 verbose exit [ 1, true ]
